---
  0 debug pnpm:scope: 
    selected: 1
    workspacePrefix: null
  1 info pnpm: 
    message: "A store server is running. All store manipulations are delegated to it."
    prefix: "/app"
  2 debug pnpm:package-json: 
    initial: 
      //1: "describes your app and its dependencies"
      //2: "https://docs.npmjs.com/files/package.json"
      //3: "updating this file will download and update your packages"
      name: "hello-express"
      version: "0.0.1"
      description: "STRIGA V12"
      main: "bot.js"
      scripts: 
        start: "node bot.js"
      dependencies: 
        axios: "^0.26.0"
        burc.js: "^1.1.3"
        canvacord: "^5.2.3"
        chalk: "^4.1.2"
        common-tags: "^1.8.2"
        croxydb: "^0.0.7"
        crypto: "^1.0.1"
        discord-buttons: "^4.0.0"
        discord-logs: "^2.0.1"
        discord.js: "^12.5.3"
        express: "^4.18.1"
        fs: "^0.0.2"
        gamedig: "^4.0.2"
        instagram-user: "^2.0.1"
        instagram-user-info: "^1.0.0"
        jimp: "^0.16.1"
        message-button: "^1.2.4"
        moment: "^2.29.4"
        moment-duration-format: "^2.3.2"
        ms: "^2.1.3"
        node-superfetch: "^0.1.10"
        parse-ms: "^3.0.0"
        path: "^0.12.7"
        quick.db: "^7.0.6"
        snekfetch: "^4.0.4"
        string: "^3.3.3"
        svo-client: "^1.0.8"
        user-instagram: "^3.0.2"
      engines: 
        node: "12.x"
      repository: 
        url: "https://glitch.com/edit/#!/hello-express"
      license: "MIT"
      keywords: 
        - "node"
        - "glitch"
        - "express"
      readme: "# moderator"
      readmeFilename: "README.md"
      gitHead: "651f1e09eb1c092aebe088839802a6301576231d"
      _id: "hello-express@0.0.1"
    prefix: "/app"
  3 warn pnpm: 
    message: "Moving chalk that was installed by a different package manager to \"node_modules/.ignored"
    prefix: "/app"
  4 error pnpm: 
    message: 
      errno: -39
      code: "ENOTEMPTY"
      syscall: "rename"
      path: "/rbd/pnpm-volume/e218a6d0-488f-4194-aeb1-bd1aa0783564/node_modules/chalk"
      dest: "/rbd/pnpm-volume/e218a6d0-488f-4194-aeb1-bd1aa0783564/node_modules/.ignored/chalk"
    err: 
      name: "Error"
      message: "ENOTEMPTY: directory not empty, rename '/rbd/pnpm-volume/e218a6d0-488f-4194-aeb1-bd1aa0783564/node_modules/chalk' -> '/rbd/pnpm-volume/e218a6d0-488f-4194-aeb1-bd1aa0783564/node_modules/.ignored/chalk'"
      code: "ENOTEMPTY"
      stack: "Error: ENOTEMPTY: directory not empty, rename '/rbd/pnpm-volume/e218a6d0-488f-4194-aeb1-bd1aa0783564/node_modules/chalk' -> '/rbd/pnpm-volume/e218a6d0-488f-4194-aeb1-bd1aa0783564/node_modules/.ignored/chalk'"
